Added Component: Designator=*1(ADXL377_Acc)
Added Component: Designator=*2(EEG_INPUT)
Added Component: Designator=*3(ADC)
Added Component: Designator=*4(BATTERY_JST)
Added Component: Designator=*(Feather_Huzzah)
Added Component: Designator=C1(CAP_0603)
Added Component: Designator=C2(CAP_0603)
Added Component: Designator=C3(CAP_0603)
Added Component: Designator=C4(CAP_0603)
Added Component: Designator=C5(CAP_0603)
Added Component: Designator=C6(CAP_0603)
Added Component: Designator=IC1(LT1920)
Added Component: Designator=IC2(TLC2277)
Added Component: Designator=IC3(LT1920)
Added Component: Designator=IC4(TLC2277)
Added Component: Designator=R1(RES_0603)
Added Component: Designator=R2(RES_0603)
Added Component: Designator=R3(RES_0603)
Added Component: Designator=R4(RES_0603)
Added Component: Designator=R5(RES_0603)
Added Component: Designator=R6(RES_0603)
Added Component: Designator=R7(RES_0603)
Added Component: Designator=R8(RES_0603)
Added Component: Designator=R9(RES_0603)
Added Component: Designator=R10(RES_0603)
Added Component: Designator=R11(RES_0603)
Added Component: Designator=R12(RES_0603)
Added Component: Designator=R13(RES_0603)
Added Component: Designator=R14(RES_0603)
Added Component: Designator=R15(RES_0603)
Added Component: Designator=R16(RES_0603)
Added Component: Designator=R17(RES_0603)
Added Component: Designator=R18(RES_0603)
Added Component: Designator=R19(RES_0603)
Added Component: Designator=R20(RES_0603)
Added Component: Designator=R21(RES_0603)
Added Component: Designator=R22(RES_0603)
Added Pin To Net: NetName=+VS Pin=*4-V+
Added Pin To Net: NetName=+VS Pin=IC1-7
Added Pin To Net: NetName=+VS Pin=IC2-11
Added Pin To Net: NetName=+VS Pin=IC3-7
Added Pin To Net: NetName=+VS Pin=IC4-11
Added Pin To Net: NetName=+VS Pin=R5-1
Added Pin To Net: NetName=+VS Pin=R16-1
Added Net: Name=+VS
Added Pin To Net: NetName=-VS Pin=*4-V-
Added Pin To Net: NetName=-VS Pin=IC1-4
Added Pin To Net: NetName=-VS Pin=IC2-4
Added Pin To Net: NetName=-VS Pin=IC3-4
Added Pin To Net: NetName=-VS Pin=IC4-4
Added Net: Name=-VS
Added Pin To Net: NetName=3V Pin=*1-3.3V
Added Pin To Net: NetName=3V Pin=*3-VDD
Added Pin To Net: NetName=3V Pin=*-3V
Added Net: Name=3V
Added Pin To Net: NetName=GND Pin=*1-GND
Added Pin To Net: NetName=GND Pin=*2-GND
Added Pin To Net: NetName=GND Pin=*3-ADDR
Added Pin To Net: NetName=GND Pin=*3-GND
Added Pin To Net: NetName=GND Pin=*4-GND1
Added Pin To Net: NetName=GND Pin=*4-GND2
Added Pin To Net: NetName=GND Pin=*-GND
Added Pin To Net: NetName=GND Pin=C3-1
Added Pin To Net: NetName=GND Pin=C6-1
Added Pin To Net: NetName=GND Pin=IC2-5
Added Pin To Net: NetName=GND Pin=IC2-10
Added Pin To Net: NetName=GND Pin=IC4-5
Added Pin To Net: NetName=GND Pin=IC4-10
Added Pin To Net: NetName=GND Pin=R4-1
Added Pin To Net: NetName=GND Pin=R7-1
Added Pin To Net: NetName=GND Pin=R15-1
Added Pin To Net: NetName=GND Pin=R18-1
Added Net: Name=GND
Added Pin To Net: NetName=Net*1_X Pin=*1-X
Added Pin To Net: NetName=Net*1_X Pin=*3-A2
Added Net: Name=Net*1_X
Added Pin To Net: NetName=Net*1_Y Pin=*1-Y
Added Pin To Net: NetName=Net*1_Y Pin=*3-A3
Added Net: Name=Net*1_Y
Added Pin To Net: NetName=Net*1_Z Pin=*1-Z
Added Pin To Net: NetName=Net*1_Z Pin=*-ADC
Added Net: Name=Net*1_Z
Added Pin To Net: NetName=Net*2_1V+ Pin=*2-1V+
Added Pin To Net: NetName=Net*2_1V+ Pin=IC1-3
Added Net: Name=Net*2_1V+
Added Pin To Net: NetName=Net*2_1V- Pin=*2-1V-
Added Pin To Net: NetName=Net*2_1V- Pin=IC1-2
Added Net: Name=Net*2_1V-
Added Pin To Net: NetName=Net*2_2V+ Pin=*2-2V+
Added Pin To Net: NetName=Net*2_2V+ Pin=IC3-3
Added Net: Name=Net*2_2V+
Added Pin To Net: NetName=Net*2_2V- Pin=*2-2V-
Added Pin To Net: NetName=Net*2_2V- Pin=IC3-2
Added Net: Name=Net*2_2V-
Added Pin To Net: NetName=Net*3_A0 Pin=*3-A0
Added Pin To Net: NetName=Net*3_A0 Pin=C2-1
Added Pin To Net: NetName=Net*3_A0 Pin=IC2-12
Added Pin To Net: NetName=Net*3_A0 Pin=IC2-14
Added Net: Name=Net*3_A0
Added Pin To Net: NetName=Net*3_A1 Pin=*3-A1
Added Pin To Net: NetName=Net*3_A1 Pin=C5-1
Added Pin To Net: NetName=Net*3_A1 Pin=IC4-12
Added Pin To Net: NetName=Net*3_A1 Pin=IC4-14
Added Net: Name=Net*3_A1
Added Pin To Net: NetName=Net*3_SCL Pin=*3-SCL
Added Pin To Net: NetName=Net*3_SCL Pin=*-SCL
Added Net: Name=Net*3_SCL
Added Pin To Net: NetName=Net*3_SDA Pin=*3-SDA
Added Pin To Net: NetName=Net*3_SDA Pin=*-SDA
Added Net: Name=Net*3_SDA
Added Pin To Net: NetName=NetC1_1 Pin=C1-1
Added Pin To Net: NetName=NetC1_1 Pin=IC1-6
Added Net: Name=NetC1_1
Added Pin To Net: NetName=NetC1_2 Pin=C1-2
Added Pin To Net: NetName=NetC1_2 Pin=IC2-2
Added Pin To Net: NetName=NetC1_2 Pin=R4-2
Added Net: Name=NetC1_2
Added Pin To Net: NetName=NetC2_2 Pin=C2-2
Added Pin To Net: NetName=NetC2_2 Pin=R10-2
Added Pin To Net: NetName=NetC2_2 Pin=R11-1
Added Net: Name=NetC2_2
Added Pin To Net: NetName=NetC3_2 Pin=C3-2
Added Pin To Net: NetName=NetC3_2 Pin=IC2-13
Added Pin To Net: NetName=NetC3_2 Pin=R11-2
Added Net: Name=NetC3_2
Added Pin To Net: NetName=NetC4_1 Pin=C4-1
Added Pin To Net: NetName=NetC4_1 Pin=IC3-6
Added Net: Name=NetC4_1
Added Pin To Net: NetName=NetC4_2 Pin=C4-2
Added Pin To Net: NetName=NetC4_2 Pin=IC4-2
Added Pin To Net: NetName=NetC4_2 Pin=R15-2
Added Net: Name=NetC4_2
Added Pin To Net: NetName=NetC5_2 Pin=C5-2
Added Pin To Net: NetName=NetC5_2 Pin=R21-2
Added Pin To Net: NetName=NetC5_2 Pin=R22-1
Added Net: Name=NetC5_2
Added Pin To Net: NetName=NetC6_2 Pin=C6-2
Added Pin To Net: NetName=NetC6_2 Pin=IC4-13
Added Pin To Net: NetName=NetC6_2 Pin=R22-2
Added Net: Name=NetC6_2
Added Pin To Net: NetName=NetIC1_1 Pin=IC1-1
Added Pin To Net: NetName=NetIC1_1 Pin=R2-1
Added Net: Name=NetIC1_1
Added Pin To Net: NetName=NetIC1_8 Pin=IC1-8
Added Pin To Net: NetName=NetIC1_8 Pin=R2-2
Added Net: Name=NetIC1_8
Added Pin To Net: NetName=NetIC2_1 Pin=IC2-1
Added Pin To Net: NetName=NetIC2_1 Pin=R3-1
Added Pin To Net: NetName=NetIC2_1 Pin=R6-2
Added Net: Name=NetIC2_1
Added Pin To Net: NetName=NetIC2_3 Pin=IC2-3
Added Pin To Net: NetName=NetIC2_3 Pin=R6-1
Added Pin To Net: NetName=NetIC2_3 Pin=R7-2
Added Net: Name=NetIC2_3
Added Pin To Net: NetName=NetIC2_6 Pin=IC2-6
Added Pin To Net: NetName=NetIC2_6 Pin=R1-1
Added Pin To Net: NetName=NetIC2_6 Pin=R3-2
Added Pin To Net: NetName=NetIC2_6 Pin=R5-2
Added Net: Name=NetIC2_6
Added Pin To Net: NetName=NetIC2_7 Pin=IC2-7
Added Pin To Net: NetName=NetIC2_7 Pin=R1-2
Added Pin To Net: NetName=NetIC2_7 Pin=R9-1
Added Net: Name=NetIC2_7
Added Pin To Net: NetName=NetIC2_8 Pin=IC2-8
Added Pin To Net: NetName=NetIC2_8 Pin=R8-2
Added Pin To Net: NetName=NetIC2_8 Pin=R10-1
Added Net: Name=NetIC2_8
Added Pin To Net: NetName=NetIC2_9 Pin=IC2-9
Added Pin To Net: NetName=NetIC2_9 Pin=R8-1
Added Pin To Net: NetName=NetIC2_9 Pin=R9-2
Added Net: Name=NetIC2_9
Added Pin To Net: NetName=NetIC3_1 Pin=IC3-1
Added Pin To Net: NetName=NetIC3_1 Pin=R13-1
Added Net: Name=NetIC3_1
Added Pin To Net: NetName=NetIC3_8 Pin=IC3-8
Added Pin To Net: NetName=NetIC3_8 Pin=R13-2
Added Net: Name=NetIC3_8
Added Pin To Net: NetName=NetIC4_1 Pin=IC4-1
Added Pin To Net: NetName=NetIC4_1 Pin=R14-1
Added Pin To Net: NetName=NetIC4_1 Pin=R17-2
Added Net: Name=NetIC4_1
Added Pin To Net: NetName=NetIC4_3 Pin=IC4-3
Added Pin To Net: NetName=NetIC4_3 Pin=R17-1
Added Pin To Net: NetName=NetIC4_3 Pin=R18-2
Added Net: Name=NetIC4_3
Added Pin To Net: NetName=NetIC4_6 Pin=IC4-6
Added Pin To Net: NetName=NetIC4_6 Pin=R12-1
Added Pin To Net: NetName=NetIC4_6 Pin=R14-2
Added Pin To Net: NetName=NetIC4_6 Pin=R16-2
Added Net: Name=NetIC4_6
Added Pin To Net: NetName=NetIC4_7 Pin=IC4-7
Added Pin To Net: NetName=NetIC4_7 Pin=R12-2
Added Pin To Net: NetName=NetIC4_7 Pin=R20-1
Added Net: Name=NetIC4_7
Added Pin To Net: NetName=NetIC4_8 Pin=IC4-8
Added Pin To Net: NetName=NetIC4_8 Pin=R19-2
Added Pin To Net: NetName=NetIC4_8 Pin=R21-1
Added Net: Name=NetIC4_8
Added Pin To Net: NetName=NetIC4_9 Pin=IC4-9
Added Pin To Net: NetName=NetIC4_9 Pin=R19-1
Added Pin To Net: NetName=NetIC4_9 Pin=R20-2
Added Net: Name=NetIC4_9
Added Class: Name=Capstone_Preconditioning_SchematicSheet
