Removed Pin From Net: NetName=NetC1_2 Pin=IC2-2
Removed Pin From Net: NetName=NetIC2_3 Pin=IC2-3
Removed Pin From Net: NetName=-VS Pin=IC2-4
Removed Pin From Net: NetName=+VS Pin=IC2-11
Removed Pin From Net: NetName=Net*3_A0 Pin=IC2-12
Removed Pin From Net: NetName=NetC3_2 Pin=IC2-13
Removed Pin From Net: NetName=NetC4_2 Pin=IC4-2
Removed Pin From Net: NetName=NetIC4_3 Pin=IC4-3
Removed Pin From Net: NetName=-VS Pin=IC4-4
Removed Pin From Net: NetName=+VS Pin=IC4-11
Removed Pin From Net: NetName=Net*3_A1 Pin=IC4-12
Removed Pin From Net: NetName=NetC6_2 Pin=IC4-13
Added Pin To Net: NetName=NetIC2_3 Pin=IC2-2
Added Pin To Net: NetName=NetC1_2 Pin=IC2-3
Added Pin To Net: NetName=+VS Pin=IC2-4
Added Pin To Net: NetName=-VS Pin=IC2-11
Added Pin To Net: NetName=NetC3_2 Pin=IC2-12
Added Pin To Net: NetName=Net*3_A0 Pin=IC2-13
Added Pin To Net: NetName=NetIC4_3 Pin=IC4-2
Added Pin To Net: NetName=NetC4_2 Pin=IC4-3
Added Pin To Net: NetName=+VS Pin=IC4-4
Added Pin To Net: NetName=-VS Pin=IC4-11
Added Pin To Net: NetName=NetC6_2 Pin=IC4-12
Added Pin To Net: NetName=Net*3_A1 Pin=IC4-13
Change Net Name : Old Net Name=NetIC2_3 New Net Name=NetIC2_2
Change Net Name : Old Net Name=NetIC4_3 New Net Name=NetIC4_2
Added Member To Class: ClassName=Capstone_Preconditioning_SchematicSheet Member=Component C2 330nF
Added Member To Class: ClassName=Capstone_Preconditioning_SchematicSheet Member=Component C3 Cap
